[GIN-debug] Listening and serving HTTP on :8085
[info]2021/01/14 20:41:57 task.go:21: url: http://www.baidu.com
[info]2021/01/14 20:41:57 task.go:21: url: http://www.baidu.com
[info]2021/01/14 20:41:57 task.go:21: url: http://www.baidu.com
[info]2021/01/14 20:41:57 task.go:21: url: http://www.baidu.com
[info]2021/01/14 20:41:57 task.go:21: url: http://www.baidu.com
[info]2021/01/14 20:41:57 task.go:21: url: http://www.baidu.com
[info]2021/01/14 20:41:57 task.go:21: url: http://www.baidu.com
[info]2021/01/14 20:41:57 task.go:21: url: http://www.baidu.com
[info]2021/01/14 20:41:57 task.go:21: url: http://www.baidu.com
[info]2021/01/14 20:41:57 task.go:21: url: http://www.baidu.com
[info]2021/01/14 20:41:57 task.go:21: url: http://www.baidu.com
[info]2021/01/14 20:41:57 task.go:21: url: http://www.baidu.com
[info]2021/01/14 20:41:57 task.go:21: url: http://www.baidu.com
[info]2021/01/14 20:41:57 task.go:21: url: http://www.baidu.com
[info]2021/01/14 20:41:57 task.go:21: url: http://www.baidu.com
[info]2021/01/14 20:41:57 task.go:21: url: http://www.baidu.com
[info]2021/01/14 20:41:57 task.go:21: url: http://www.baidu.com
[info]2021/01/14 20:41:57 task.go:21: url: http://www.baidu.com
[info]2021/01/14 20:41:57 task.go:21: url: http://www.baidu.com
[info]2021/01/14 20:41:57 task.go:21: url: http://www.baidu.com
[info]2021/01/14 20:41:57 task.go:21: url: http://www.baidu.com
[info]2021/01/14 20:41:57 task.go:21: url: http://www.baidu.com
[info]2021/01/14 20:41:57 task.go:21: url: http://www.baidu.com
[info]2021/01/14 20:41:57 task.go:21: url: http://www.baidu.com
[info]2021/01/14 20:41:57 task.go:21: url: http://www.baidu.com
[info]2021/01/14 20:41:57 task.go:21: url: http://www.baidu.com
[info]2021/01/14 20:41:57 task.go:21: url: http://www.baidu.com
[info]2021/01/14 20:41:57 task.go:21: url: http://www.baidu.com
[info]2021/01/14 20:41:57 task.go:21: url: http://www.baidu.com
[info]2021/01/14 20:41:57 task.go:21: url: http://www.baidu.com
[info]2021/01/14 20:41:57 task.go:21: url: http://www.baidu.com
[info]2021/01/14 20:41:57 task.go:21: url: http://www.baidu.com
[info]2021/01/14 20:41:57 task.go:21: url: http://www.baidu.com
[info]2021/01/14 20:41:57 task.go:21: url: http://www.baidu.com
[info]2021/01/14 20:41:57 task.go:21: url: http://www.baidu.com
[info]2021/01/14 20:41:57 task.go:21: url: http://www.baidu.com
[info]2021/01/14 20:41:57 task.go:21: url: http://www.baidu.com
[info]2021/01/14 20:41:57 task.go:21: url: http://www.baidu.com
[info]2021/01/14 20:41:57 task.go:21: url: http://www.baidu.com
[info]2021/01/14 20:41:57 task.go:21: url: http://www.baidu.com
[info]2021/01/14 20:41:57 task.go:21: url: http://www.baidu.com
[info]2021/01/14 20:41:57 task.go:21: url: http://www.baidu.com
[info]2021/01/14 20:41:57 task.go:21: url: http://www.baidu.com
[info]2021/01/14 20:41:57 task.go:21: url: http://www.baidu.com
[info]2021/01/14 20:41:57 task.go:21: url: http://www.baidu.com
[info]2021/01/14 20:41:57 task.go:21: url: http://www.baidu.com
[info]2021/01/14 20:41:57 task.go:21: url: http://www.baidu.com
[info]2021/01/14 20:41:57 task.go:21: url: http://www.baidu.com
[info]2021/01/14 20:41:57 task.go:21: url: http://www.baidu.com
[info]2021/01/14 20:41:57 task.go:21: url: http://www.baidu.com
[info]2021/01/14 20:41:57 task.go:21: url: http://www.baidu.com
[info]2021/01/14 20:41:57 task.go:21: url: http://www.baidu.com
[info]2021/01/14 20:41:57 task.go:21: url: http://www.baidu.com
[info]2021/01/14 20:41:57 task.go:21: url: http://www.baidu.com
[info]2021/01/14 20:41:57 task.go:21: url: http://www.baidu.com
[info]2021/01/14 20:41:57 task.go:21: url: http://www.baidu.com
[info]2021/01/14 20:41:57 task.go:21: url: http://www.baidu.com
[info]2021/01/14 20:41:57 task.go:21: url: http://www.baidu.com
[info]2021/01/14 20:41:57 task.go:21: url: http://www.baidu.com
[info]2021/01/14 20:41:57 task.go:21: url: http://www.baidu.com
[info]2021/01/14 20:41:57 task.go:21: url: http://www.baidu.com
[info]2021/01/14 20:41:57 task.go:21: url: http://www.baidu.com
[info]2021/01/14 20:41:57 task.go:21: url: http://www.baidu.com
[info]2021/01/14 20:41:57 task.go:21: url: http://www.baidu.com
[info]2021/01/14 20:41:57 task.go:21: url: http://www.baidu.com
[info]2021/01/14 20:41:57 task.go:21: url: http://www.baidu.com
[info]2021/01/14 20:41:57 task.go:21: url: http://www.baidu.com
[info]2021/01/14 20:41:57 task.go:21: url: http://www.baidu.com
[info]2021/01/14 20:41:57 task.go:21: url: http://www.baidu.com
[info]2021/01/14 20:41:57 task.go:21: url: http://www.baidu.com
[info]2021/01/14 20:41:57 task.go:21: url: http://www.baidu.com
[info]2021/01/14 20:41:57 task.go:21: url: http://www.baidu.com
[info]2021/01/14 20:41:57 task.go:21: url: http://www.baidu.com
[info]2021/01/14 20:41:57 task.go:21: url: http://www.baidu.com
[info]2021/01/14 20:41:57 task.go:21: url: http://www.baidu.com
[info]2021/01/14 20:41:57 task.go:21: url: http://www.baidu.com
[info]2021/01/14 20:41:57 task.go:21: url: http://www.baidu.com
[info]2021/01/14 20:41:57 task.go:21: url: http://www.baidu.com
[info]2021/01/14 20:41:57 task.go:21: url: http://www.baidu.com
[info]2021/01/14 20:41:57 task.go:21: url: http://www.baidu.com
[info]2021/01/14 20:41:57 task.go:21: url: http://www.baidu.com
[info]2021/01/14 20:41:57 task.go:21: url: http://www.baidu.com
[info]2021/01/14 20:41:57 task.go:21: url: http://www.baidu.com
[info]2021/01/14 20:41:57 task.go:21: url: http://www.baidu.com
[info]2021/01/14 20:41:57 task.go:21: url: http://www.baidu.com
[info]2021/01/14 20:41:57 task.go:21: url: http://www.baidu.com
[info]2021/01/14 20:41:57 task.go:21: url: http://www.baidu.com
[info]2021/01/14 20:41:57 task.go:21: url: http://www.baidu.com
[info]2021/01/14 20:41:57 task.go:21: url: http://www.baidu.com
[info]2021/01/14 20:41:57 task.go:21: url: http://www.baidu.com
[info]2021/01/14 20:41:57 task.go:21: url: http://www.baidu.com
[info]2021/01/14 20:41:57 task.go:21: url: http://www.baidu.com
[info]2021/01/14 20:41:57 task.go:21: url: http://www.baidu.com
[info]2021/01/14 20:41:57 task.go:21: url: http://www.baidu.com
[info]2021/01/14 20:41:57 task.go:21: url: http://www.baidu.com
[info]2021/01/14 20:41:57 task.go:21: url: http://www.baidu.com
[info]2021/01/14 20:41:57 task.go:21: url: http://www.baidu.com
[info]2021/01/14 20:41:57 task.go:21: url: http://www.baidu.com
[info]2021/01/14 20:41:57 task.go:21: url: http://www.baidu.com
[info]2021/01/14 20:41:57 task.go:21: url: http://www.baidu.com
[info]2021/01/14 20:41:59 runner.go:63: results: [1.64,0.46,1.33,1.75,2.36,0.45,1.78,1.08,0.38,1.38,0.49,1.17,0.93,0.77,1.44,1.44,1.57,1.51,1.34,1.42,1.28,1.57,1.16,1.27,1.14,0.88,1.98,1.27,1.87,1.92,1.79,1.92,1.46,2.36,1.48,1.23,0.89,1.17,1.78,1.66,1.98,1.52,1.82,2.09,1.46,0.87,0.47,1.44,1.86,1.57,1.17,1.40,1.51,1.16,2.44,1.88,2.19,1.77,0.78,2.12,1.78,1.43,1.73,1.48,0.89,1.56,1.40,1.20,1.94,1.40,1.68,0.73,1.68,1.46,1.34,0.38,0.70,1.04,1.43,1.79,1.43,1.08,1.92,1.33,1.89,0.99,1.66,1.98,1.73,1.32,1.82,1.02,2.39,1.87,0.72,0.88,1.45,1.88,1.19,1.68]
[info]2021/01/14 20:41:59 runner.go:77: intPart :  94
[info]2021/01/14 20:41:59 runner.go:78: report : 
[info]2021/01/14 20:41:59 runner.go:79: 	avg time :  1.44  s
[info]2021/01/14 20:41:59 runner.go:80: 	95% time :  {http://www.baidu.com 2.121919892}
[info]2021/01/14 20:41:59 runner.go:86: 	results :  [0.38,0.38,0.45,0.46,0.47,0.49,0.70,0.72,0.73,0.77,0.78,0.87,0.88,0.88,0.89,0.89,0.93,0.99,1.02,1.04,1.08,1.08,1.14,1.16,1.16,1.17,1.17,1.17,1.19,1.20,1.23,1.27,1.27,1.28,1.32,1.33,1.33,1.34,1.34,1.38,1.40,1.40,1.40,1.42,1.43,1.43,1.43,1.44,1.44,1.44,1.45,1.46,1.46,1.46,1.48,1.48,1.51,1.51,1.52,1.56,1.57,1.57,1.57,1.64,1.66,1.66,1.68,1.68,1.68,1.73,1.73,1.75,1.77,1.78,1.78,1.78,1.79,1.79,1.82,1.82,1.86,1.87,1.87,1.88,1.88,1.89,1.92,1.92,1.92,1.94,1.98,1.98,1.98,2.09,2.12,2.19,2.36,2.36,2.39,2.44]
[info]2021/01/14 20:41:59 time_extend.go:17: 请求:225473bb-6a75-4725-9dd9-b5a0b2886bed url: /url/test?url=http://www.baidu.com&count=100  返回状态: 200
[info]2021/01/14 20:41:59 time_extend.go:19: 请求:225473bb-6a75-4725-9dd9-b5a0b2886bed url: /url/test?url=http://www.baidu.com&count=100  用时: 2.446324636s
